[INFO  - 2015-02-25T20:18:21.764Z] GhostDriver - Main - running on port 9429
[INFO  - 2015-02-25T20:18:22.168Z] Session [71fbfaa0-bd2b-11e4-908a-cbe6b0f6adab] - page.settings - {"XSSAuditingEnabled":false,"javascriptCanCloseWindows":true,"javascriptCanOpenWindows":true,"javascriptEnabled":true,"loadImages":true,"localToRemoteUrlAccessEnabled":false,"userAgent":"Mozilla/5.0 (Windows NT 6.1; WOW64) AppleWebKit/538.1 (KHTML, like Gecko) PhantomJS/2.0.0 Safari/538.1","webSecurityEnabled":true}
[INFO  - 2015-02-25T20:18:22.168Z] Session [71fbfaa0-bd2b-11e4-908a-cbe6b0f6adab] - page.customHeaders:  - {}
[INFO  - 2015-02-25T20:18:22.168Z] Session [71fbfaa0-bd2b-11e4-908a-cbe6b0f6adab] - Session.negotiatedCapabilities - {"browserName":"phantomjs","version":"2.0.0","driverName":"ghostdriver","driverVersion":"1.2.0","platform":"windows-7-32bit","javascriptEnabled":true,"takesScreenshot":true,"handlesAlerts":false,"databaseEnabled":false,"locationContextEnabled":false,"applicationCacheEnabled":false,"browserConnectionEnabled":false,"cssSelectorsEnabled":true,"webStorageEnabled":false,"rotatable":false,"acceptSslCerts":false,"nativeEvents":true,"proxy":{"proxyType":"direct"}}
[INFO  - 2015-02-25T20:18:22.168Z] SessionManagerReqHand - _postNewSessionCommand - New Session Created: 71fbfaa0-bd2b-11e4-908a-cbe6b0f6adab
[INFO  - 2015-02-25T20:20:03.433Z] ShutdownReqHand - _handle - About to shutdown
[INFO  - 2015-02-25T20:28:51.030Z] GhostDriver - Main - running on port 34015
[INFO  - 2015-02-25T20:28:51.994Z] Session [e964b720-bd2c-11e4-bb72-3fe4da35c362] - page.settings - {"XSSAuditingEnabled":false,"javascriptCanCloseWindows":true,"javascriptCanOpenWindows":true,"javascriptEnabled":true,"loadImages":true,"localToRemoteUrlAccessEnabled":false,"userAgent":"Mozilla/5.0 (Windows NT 6.1; WOW64) AppleWebKit/538.1 (KHTML, like Gecko) PhantomJS/2.0.0 Safari/538.1","webSecurityEnabled":true}
[INFO  - 2015-02-25T20:28:51.995Z] Session [e964b720-bd2c-11e4-bb72-3fe4da35c362] - page.customHeaders:  - {}
[INFO  - 2015-02-25T20:28:51.995Z] Session [e964b720-bd2c-11e4-bb72-3fe4da35c362] - Session.negotiatedCapabilities - {"browserName":"phantomjs","version":"2.0.0","driverName":"ghostdriver","driverVersion":"1.2.0","platform":"windows-7-32bit","javascriptEnabled":true,"takesScreenshot":true,"handlesAlerts":false,"databaseEnabled":false,"locationContextEnabled":false,"applicationCacheEnabled":false,"browserConnectionEnabled":false,"cssSelectorsEnabled":true,"webStorageEnabled":false,"rotatable":false,"acceptSslCerts":false,"nativeEvents":true,"proxy":{"proxyType":"direct"}}
[INFO  - 2015-02-25T20:28:51.995Z] SessionManagerReqHand - _postNewSessionCommand - New Session Created: e964b720-bd2c-11e4-bb72-3fe4da35c362
[INFO  - 2015-02-25T20:31:29.381Z] ShutdownReqHand - _handle - About to shutdown
[INFO  - 2015-02-25T20:39:12.326Z] GhostDriver - Main - running on port 2173
[INFO  - 2015-02-25T20:39:12.854Z] Session [5b738480-bd2e-11e4-aae4-714bb4c9c84c] - page.settings - {"XSSAuditingEnabled":false,"javascriptCanCloseWindows":true,"javascriptCanOpenWindows":true,"javascriptEnabled":true,"loadImages":true,"localToRemoteUrlAccessEnabled":false,"userAgent":"Mozilla/5.0 (Windows NT 6.1; WOW64) AppleWebKit/538.1 (KHTML, like Gecko) PhantomJS/2.0.0 Safari/538.1","webSecurityEnabled":true}
[INFO  - 2015-02-25T20:39:12.854Z] Session [5b738480-bd2e-11e4-aae4-714bb4c9c84c] - page.customHeaders:  - {}
[INFO  - 2015-02-25T20:39:12.854Z] Session [5b738480-bd2e-11e4-aae4-714bb4c9c84c] - Session.negotiatedCapabilities - {"browserName":"phantomjs","version":"2.0.0","driverName":"ghostdriver","driverVersion":"1.2.0","platform":"windows-7-32bit","javascriptEnabled":true,"takesScreenshot":true,"handlesAlerts":false,"databaseEnabled":false,"locationContextEnabled":false,"applicationCacheEnabled":false,"browserConnectionEnabled":false,"cssSelectorsEnabled":true,"webStorageEnabled":false,"rotatable":false,"acceptSslCerts":false,"nativeEvents":true,"proxy":{"proxyType":"direct"}}
[INFO  - 2015-02-25T20:39:12.854Z] SessionManagerReqHand - _postNewSessionCommand - New Session Created: 5b738480-bd2e-11e4-aae4-714bb4c9c84c
[INFO  - 2015-02-25T20:40:55.971Z] ShutdownReqHand - _handle - About to shutdown
[INFO  - 2015-02-25T20:42:07.322Z] GhostDriver - Main - running on port 8075
[INFO  - 2015-02-25T20:42:07.937Z] Session [c3cf5e50-bd2e-11e4-a56f-7bbd4aa86cd6] - page.settings - {"XSSAuditingEnabled":false,"javascriptCanCloseWindows":true,"javascriptCanOpenWindows":true,"javascriptEnabled":true,"loadImages":true,"localToRemoteUrlAccessEnabled":false,"userAgent":"Mozilla/5.0 (Windows NT 6.1; WOW64) AppleWebKit/538.1 (KHTML, like Gecko) PhantomJS/2.0.0 Safari/538.1","webSecurityEnabled":true}
[INFO  - 2015-02-25T20:42:07.937Z] Session [c3cf5e50-bd2e-11e4-a56f-7bbd4aa86cd6] - page.customHeaders:  - {}
[INFO  - 2015-02-25T20:42:07.937Z] Session [c3cf5e50-bd2e-11e4-a56f-7bbd4aa86cd6] - Session.negotiatedCapabilities - {"browserName":"phantomjs","version":"2.0.0","driverName":"ghostdriver","driverVersion":"1.2.0","platform":"windows-7-32bit","javascriptEnabled":true,"takesScreenshot":true,"handlesAlerts":false,"databaseEnabled":false,"locationContextEnabled":false,"applicationCacheEnabled":false,"browserConnectionEnabled":false,"cssSelectorsEnabled":true,"webStorageEnabled":false,"rotatable":false,"acceptSslCerts":false,"nativeEvents":true,"proxy":{"proxyType":"direct"}}
[INFO  - 2015-02-25T20:42:07.937Z] SessionManagerReqHand - _postNewSessionCommand - New Session Created: c3cf5e50-bd2e-11e4-a56f-7bbd4aa86cd6
[INFO  - 2015-02-25T20:44:59.787Z] ShutdownReqHand - _handle - About to shutdown
